<?xml version="1.0" encoding="UTF-8"?>
<!-- Generated by org.testng.reporters.JUnitReportReporter -->
<testsuite skipped="0" hostname="Mohit" name="testCases.BrowserTest2" tests="2" failures="0" timestamp="2021-05-30T02:31:40 IST" time="0.032" errors="0">
  <testcase name="startTest2" time="0.016" classname="testCases.BrowserTest2"/>
  <system-out/>
  <testcase name="startTest1" time="0.016" classname="testCases.BrowserTest2"/>
  <system-out/>
</testsuite> <!-- testCases.BrowserTest2 -->
