<?xml version="1.0" encoding="UTF-8"?>
<!-- Generated by org.testng.reporters.JUnitReportReporter -->
<testsuite skipped="0" hostname="Mohit" name="testCases.BrowserTest" tests="1" failures="0" timestamp="2021-05-30T18:45:51 IST" time="5.789" errors="0">
  <testcase name="startTest" time="5.789" classname="testCases.BrowserTest"/>
  <system-out/>
</testsuite> <!-- testCases.BrowserTest -->
