<?xml version="1.0" encoding="UTF-8"?>
<!-- Generated by org.testng.reporters.JUnitReportReporter -->
<testsuite skipped="0" hostname="Mohit" name="testCases.BrowserTest2" tests="1" failures="0" timestamp="2021-05-30T18:45:51 IST" time="0.019" errors="0">
  <testcase name="startTest2" time="0.019" classname="testCases.BrowserTest2"/>
  <system-out/>
</testsuite> <!-- testCases.BrowserTest2 -->
