<?xml version="1.0" encoding="UTF-8"?>
<!-- Generated by org.testng.reporters.JUnitReportReporter -->
<testsuite skipped="0" hostname="Mohit" name="testCases.ExtentReportTestNG" tests="1" failures="0" timestamp="2021-05-30T01:46:58 IST" time="7.968" errors="0">
  <testcase name="startTest" time="7.968" classname="testCases.ExtentReportTestNG"/>
  <system-out/>
</testsuite> <!-- testCases.ExtentReportTestNG -->
